INFO:root:Loading Config in trial.py
INFO:root:Config loaded in trial.py
INFO:root:Loading Config in trial.py
INFO:root:Config loaded in trial.py
INFO:root:Loading Config in trial.py
INFO:root:Config loaded in trial.py
INFO:root:Loading Config in trial.py
INFO:root:Config loaded in trial.py
INFO:root:Loading Config in trial.py
INFO:root:Config loaded in trial.py
INFO:root:Loading Config in trial.py
INFO:root:Config loaded in trial.py
INFO:root:Loading Config in trial.py
INFO:root:Config loaded in trial.py
INFO:root:Loading Config in trial.py
INFO:root:Config loaded in trial.py
ERROR:asyncio:Exception in callback _ProactorBasePipeTransport._call_connection_lost(None)
handle: <Handle _ProactorBasePipeTransport._call_connection_lost(None)>
Traceback (most recent call last):
  File "C:\Users\rajbh\anaconda3\lib\asyncio\events.py", line 81, in _run
    self._context.run(self._callback, *self._args)
  File "C:\Users\rajbh\anaconda3\lib\asyncio\proactor_events.py", line 162, in _call_connection_lost
    self._sock.shutdown(socket.SHUT_RDWR)
ConnectionResetError: [WinError 10054] An existing connection was forcibly closed by the remote host
INFO:root:Loading Config in trial.py
INFO:root:Config loaded in trial.py
INFO:root:Loading Config in trial.py
INFO:root:Config loaded in trial.py
INFO:root:Loading Config in trial.py
INFO:root:Config loaded in trial.py
INFO:root:Loading Config in trial.py
INFO:root:Config loaded in trial.py
INFO:root:Loading Config in trial.py
INFO:root:Config loaded in trial.py
INFO:root:Loading Config in trial.py
INFO:root:Config loaded in trial.py
INFO:root:Loading Config in trial.py
INFO:root:Config loaded in trial.py
INFO:root:Loading Config in trial.py
INFO:root:Config loaded in trial.py
INFO:root:Loading Config in trial.py
INFO:root:Config loaded in trial.py
INFO:root:Loading Config in trial.py
INFO:root:Config loaded in trial.py
INFO:root:Loading Config in trial.py
INFO:root:Config loaded in trial.py
INFO:root:Loading Config in trial.py
INFO:root:Config loaded in trial.py
INFO:root:Loading Config in trial.py
INFO:root:Config loaded in trial.py
INFO:root:Loading Config in trial.py
INFO:root:Config loaded in trial.py
INFO:root:Loading Config in trial.py
INFO:root:Config loaded in trial.py
INFO:root:Loading Config in trial.py
INFO:root:Config loaded in trial.py
INFO:root:Loading Config in trial.py
INFO:root:Config loaded in trial.py
INFO:root:Loading Config in trial.py
INFO:root:Config loaded in trial.py
INFO:root:Loading Config in trial.py
INFO:root:Config loaded in trial.py
INFO:root:Loading Config in trial.py
INFO:root:Config loaded in trial.py
INFO:root:Loading Config in trial.py
INFO:root:Config loaded in trial.py
INFO:root:Loading Config in trial.py
INFO:root:Config loaded in trial.py
INFO:root:Loading Config in trial.py
INFO:root:Config loaded in trial.py
INFO:root:Loading Config in trial.py
INFO:root:Config loaded in trial.py
INFO:root:Loading Config in trial.py
INFO:root:Config loaded in trial.py
